<?xml version="1.0" encoding="UTF-8"?>
<!-- Generated by org.testng.reporters.JUnitReportReporter -->
<testsuite hostname="M_Dell_2024" failures="0" tests="1" name="inventoryTests.AddProductToCartTest" time="4.618" errors="0" timestamp="2025-05-21T08:43:44 EDT" skipped="0">
  <testcase classname="inventoryTests.AddProductToCartTest" name="tc_01_AddProductToCartTest" time="4.618"/>
  <system-out/>
</testsuite> <!-- inventoryTests.AddProductToCartTest -->
